<?xml version="1.0" encoding="UTF-8"?>
<testng-results skipped="0" failed="0" ignored="0" total="4" passed="4">
  <reporter-output>
  </reporter-output>
  <suite name="Suite" duration-ms="132" started-at="2020-10-28T12:28:22 IST" finished-at="2020-10-28T12:28:22 IST">
    <groups>
    </groups>
    <test name="Test" duration-ms="132" started-at="2020-10-28T12:28:22 IST" finished-at="2020-10-28T12:28:22 IST">
      <class name="qaclickacademy.RestAPITest">
        <test-method status="PASS" signature="deleteTwitter()[pri:0, instance:qaclickacademy.RestAPITest@6ddf90b0]" name="deleteTwitter" duration-ms="0" started-at="2020-10-28T12:28:22 IST" finished-at="2020-10-28T12:28:22 IST">
          <reporter-output>
          </reporter-output>
        </test-method> <!-- deleteTwitter -->
        <test-method status="PASS" signature="postJira()[pri:0, instance:qaclickacademy.RestAPITest@6ddf90b0]" name="postJira" duration-ms="0" started-at="2020-10-28T12:28:22 IST" finished-at="2020-10-28T12:28:22 IST">
          <reporter-output>
          </reporter-output>
        </test-method> <!-- postJira -->
      </class> <!-- qaclickacademy.RestAPITest -->
      <class name="qaclickacademy.SeleniumTest">
        <test-method status="PASS" signature="BrowserAutomation()[pri:0, instance:qaclickacademy.SeleniumTest@2b2948e2]" name="BrowserAutomation" duration-ms="16" started-at="2020-10-28T12:28:22 IST" finished-at="2020-10-28T12:28:22 IST">
          <reporter-output>
          </reporter-output>
        </test-method> <!-- BrowserAutomation -->
        <test-method status="PASS" signature="ElementsUI()[pri:0, instance:qaclickacademy.SeleniumTest@2b2948e2]" name="ElementsUI" duration-ms="0" started-at="2020-10-28T12:28:22 IST" finished-at="2020-10-28T12:28:22 IST">
          <reporter-output>
          </reporter-output>
        </test-method> <!-- ElementsUI -->
      </class> <!-- qaclickacademy.SeleniumTest -->
    </test> <!-- Test -->
  </suite> <!-- Suite -->
</testng-results>
